<?xml version="1.0" encoding="UTF-8"?>
<!-- Generated by org.testng.reporters.JUnitReportReporter -->
<testsuite hostname="HpT-PC" failures="0" tests="1" name="com.test.CMcheckout" time="12.208" errors="0" timestamp="29 Nov 2018 07:49:18 GMT" skipped="0">
  <testcase classname="com.test.CMcheckout" name="f" time="12.208"/>
</testsuite> <!-- com.test.CMcheckout -->
